initiating - prices and volumes updates...
/home/andy/projects/trader/venv/lib/python3.10/site-packages/pandas/core/frame.py:717: DeprecationWarning: Passing a BlockManager to DataFrame is deprecated and will raise in a future version. Use public APIs instead.
  warnings.warn(
/home/andy/projects/trader/venv/lib/python3.10/site-packages/pandas/core/frame.py:717: DeprecationWarning: Passing a BlockManager to DataFrame is deprecated and will raise in a future version. Use public APIs instead.
  warnings.warn(
/home/andy/projects/trader/venv/lib/python3.10/site-packages/pandas/core/frame.py:717: DeprecationWarning: Passing a BlockManager to DataFrame is deprecated and will raise in a future version. Use public APIs instead.
  warnings.warn(
/home/andy/projects/trader/venv/lib/python3.10/site-packages/pandas/core/frame.py:717: DeprecationWarning: Passing a BlockManager to DataFrame is deprecated and will raise in a future version. Use public APIs instead.
  warnings.warn(
/home/andy/projects/trader/venv/lib/python3.10/site-packages/pandas/core/frame.py:717: DeprecationWarning: Passing a BlockManager to DataFrame is deprecated and will raise in a future version. Use public APIs instead.
  warnings.warn(
/home/andy/projects/trader/venv/lib/python3.10/site-packages/pandas/core/frame.py:717: DeprecationWarning: Passing a BlockManager to DataFrame is deprecated and will raise in a future version. Use public APIs instead.
  warnings.warn(
/home/andy/projects/trader/venv/lib/python3.10/site-packages/pandas/core/frame.py:717: DeprecationWarning: Passing a BlockManager to DataFrame is deprecated and will raise in a future version. Use public APIs instead.
  warnings.warn(
/home/andy/projects/trader/venv/lib/python3.10/site-packages/pandas/core/frame.py:717: DeprecationWarning: Passing a BlockManager to DataFrame is deprecated and will raise in a future version. Use public APIs instead.
  warnings.warn(
/home/andy/projects/trader/venv/lib/python3.10/site-packages/pandas/core/frame.py:717: DeprecationWarning: Passing a BlockManager to DataFrame is deprecated and will raise in a future version. Use public APIs instead.
  warnings.warn(
/home/andy/projects/trader/venv/lib/python3.10/site-packages/pandas/core/frame.py:717: DeprecationWarning: Passing a BlockManager to DataFrame is deprecated and will raise in a future version. Use public APIs instead.
  warnings.warn(
/home/andy/projects/trader/venv/lib/python3.10/site-packages/pandas/core/frame.py:717: DeprecationWarning: Passing a BlockManager to DataFrame is deprecated and will raise in a future version. Use public APIs instead.
  warnings.warn(
/home/andy/projects/trader/venv/lib/python3.10/site-packages/pandas/core/frame.py:717: DeprecationWarning: Passing a BlockManager to DataFrame is deprecated and will raise in a future version. Use public APIs instead.
  warnings.warn(
/home/andy/projects/trader/venv/lib/python3.10/site-packages/pandas/core/frame.py:717: DeprecationWarning: Passing a BlockManager to DataFrame is deprecated and will raise in a future version. Use public APIs instead.
  warnings.warn(
/home/andy/projects/trader/venv/lib/python3.10/site-packages/pandas/core/frame.py:717: DeprecationWarning: Passing a BlockManager to DataFrame is deprecated and will raise in a future version. Use public APIs instead.
  warnings.warn(
/home/andy/projects/trader/venv/lib/python3.10/site-packages/pandas/core/frame.py:717: DeprecationWarning: Passing a BlockManager to DataFrame is deprecated and will raise in a future version. Use public APIs instead.
  warnings.warn(
/home/andy/projects/trader/venv/lib/python3.10/site-packages/pandas/core/frame.py:717: DeprecationWarning: Passing a BlockManager to DataFrame is deprecated and will raise in a future version. Use public APIs instead.
  warnings.warn(
/home/andy/projects/trader/venv/lib/python3.10/site-packages/pandas/core/frame.py:717: DeprecationWarning: Passing a BlockManager to DataFrame is deprecated and will raise in a future version. Use public APIs instead.
  warnings.warn(
/home/andy/projects/trader/venv/lib/python3.10/site-packages/pandas/core/frame.py:717: DeprecationWarning: Passing a BlockManager to DataFrame is deprecated and will raise in a future version. Use public APIs instead.
  warnings.warn(
/home/andy/projects/trader/venv/lib/python3.10/site-packages/pandas/core/frame.py:717: DeprecationWarning: Passing a BlockManager to DataFrame is deprecated and will raise in a future version. Use public APIs instead.
  warnings.warn(
/home/andy/projects/trader/venv/lib/python3.10/site-packages/pandas/core/frame.py:717: DeprecationWarning: Passing a BlockManager to DataFrame is deprecated and will raise in a future version. Use public APIs instead.
  warnings.warn(
/home/andy/projects/trader/venv/lib/python3.10/site-packages/pandas/core/frame.py:717: DeprecationWarning: Passing a BlockManager to DataFrame is deprecated and will raise in a future version. Use public APIs instead.
  warnings.warn(
/home/andy/projects/trader/venv/lib/python3.10/site-packages/pandas/core/frame.py:717: DeprecationWarning: Passing a BlockManager to DataFrame is deprecated and will raise in a future version. Use public APIs instead.
  warnings.warn(
/home/andy/projects/trader/venv/lib/python3.10/site-packages/pandas/core/frame.py:717: DeprecationWarning: Passing a BlockManager to DataFrame is deprecated and will raise in a future version. Use public APIs instead.
  warnings.warn(
/home/andy/projects/trader/venv/lib/python3.10/site-packages/pandas/core/frame.py:717: DeprecationWarning: Passing a BlockManager to DataFrame is deprecated and will raise in a future version. Use public APIs instead.
  warnings.warn(
/home/andy/projects/trader/venv/lib/python3.10/site-packages/pandas/core/frame.py:717: DeprecationWarning: Passing a BlockManager to DataFrame is deprecated and will raise in a future version. Use public APIs instead.
  warnings.warn(
/home/andy/projects/trader/venv/lib/python3.10/site-packages/pandas/core/frame.py:717: DeprecationWarning: Passing a BlockManager to DataFrame is deprecated and will raise in a future version. Use public APIs instead.
  warnings.warn(
/home/andy/projects/trader/venv/lib/python3.10/site-packages/pandas/core/frame.py:717: DeprecationWarning: Passing a BlockManager to DataFrame is deprecated and will raise in a future version. Use public APIs instead.
  warnings.warn(
/home/andy/projects/trader/venv/lib/python3.10/site-packages/pandas/core/frame.py:717: DeprecationWarning: Passing a BlockManager to DataFrame is deprecated and will raise in a future version. Use public APIs instead.
  warnings.warn(
/home/andy/projects/trader/venv/lib/python3.10/site-packages/pandas/core/frame.py:717: DeprecationWarning: Passing a BlockManager to DataFrame is deprecated and will raise in a future version. Use public APIs instead.
  warnings.warn(
/home/andy/projects/trader/venv/lib/python3.10/site-packages/pandas/core/frame.py:717: DeprecationWarning: Passing a BlockManager to DataFrame is deprecated and will raise in a future version. Use public APIs instead.
  warnings.warn(
/home/andy/projects/trader/venv/lib/python3.10/site-packages/pandas/core/frame.py:717: DeprecationWarning: Passing a BlockManager to DataFrame is deprecated and will raise in a future version. Use public APIs instead.
  warnings.warn(
/home/andy/projects/trader/venv/lib/python3.10/site-packages/pandas/core/frame.py:717: DeprecationWarning: Passing a BlockManager to DataFrame is deprecated and will raise in a future version. Use public APIs instead.
  warnings.warn(
/home/andy/projects/trader/venv/lib/python3.10/site-packages/pandas/core/frame.py:717: DeprecationWarning: Passing a BlockManager to DataFrame is deprecated and will raise in a future version. Use public APIs instead.
  warnings.warn(
/home/andy/projects/trader/venv/lib/python3.10/site-packages/pandas/core/frame.py:717: DeprecationWarning: Passing a BlockManager to DataFrame is deprecated and will raise in a future version. Use public APIs instead.
  warnings.warn(
Company health data collection initiated at 2026-06-15 01:00:11.667412
Updating KRX data...
Updating between dates: 2026-06-04 / 2026-06-15
FULL rescan codes:
Total 27 items.
[0-26] ['000250', '001570', '003160', '006660', '011790', '015360', '019680', '025900', '039560', '041440', '043260', '043610', '049800', '054050', '056190', '069540', '079900', '083930', '085660', '088260', '114090', '141000', '189860', '331740', '412540', '417200', '434480']
PARTIAL rescan codes:
Total 6 items.
[0-5] ['395400', '001720', '0017J0', '067010', '241820', '092440']
full_rescan batch operation: 0
Financial data collection log >> 
2026-06-15 01:00:20.358103, no: 0, code 000250 in process
2026-06-15 01:00:40.558515, no: 1, code 001570 in process
2026-06-15 01:00:59.017563, no: 2, code 003160 in process
2026-06-15 01:01:19.692390, no: 3, code 006660 in process
2026-06-15 01:01:38.431207, no: 4, code 011790 in process
2026-06-15 01:02:01.114135, no: 5, code 015360 in process
2026-06-15 01:02:21.023843, no: 6, code 019680 in process
2026-06-15 01:02:42.321707, no: 7, code 025900 in process
2026-06-15 01:03:01.393289, no: 8, code 039560 in process
2026-06-15 01:03:20.837640, no: 9, code 041440 in process
2026-06-15 01:03:39.817963, no: 10, code 043260 in process
2026-06-15 01:03:58.155499, no: 11, code 043610 in process
2026-06-15 01:04:16.600412, no: 12, code 049800 in process
2026-06-15 01:04:37.191728, no: 13, code 054050 in process
2026-06-15 01:04:56.347019, no: 14, code 056190 in process
2026-06-15 01:05:15.277386, no: 15, code 069540 in process
2026-06-15 01:05:34.309861, no: 16, code 079900 in process
2026-06-15 01:05:42.350026, no: 17, code 083930 in process
2026-06-15 01:06:01.993074, no: 18, code 085660 in process
2026-06-15 01:06:22.652349, no: 19, code 088260 in process
2026-06-15 01:06:29.981461, no: 20, code 114090 in process
2026-06-15 01:06:49.061136, no: 21, code 141000 in process
2026-06-15 01:07:08.523952, no: 22, code 189860 in process
2026-06-15 01:07:27.034469, no: 23, code 331740 in process
2026-06-15 01:07:34.472827, no: 24, code 412540 in process
2026-06-15 01:07:43.325334, no: 25, code 417200 in process
2026-06-15 01:07:52.370672, no: 26, code 434480 in process
partial_rescan batch operation: 0
Financial data collection log >> 
2026-06-15 01:08:12.425838, no: 0, code 395400 in process
2026-06-15 01:08:18.541624, no: 1, code 001720 in process
2026-06-15 01:08:26.785230, no: 2, code 0017J0 in process
2026-06-15 01:08:33.107334, no: 3, code 067010 in process
2026-06-15 01:08:41.513962, no: 4, code 241820 in process
2026-06-15 01:08:49.959836, no: 5, code 092440 in process
== Update finished ==
000250 | 1/33
001570 | 2/33
001720 | 3/33
0017J0 | 4/33
003160 | 5/33
006660 | 6/33
011790 | 7/33
015360 | 8/33
019680 | 9/33
025900 | 10/33
039560 | 11/33
041440 | 12/33
043260 | 13/33
043610 | 14/33
049800 | 15/33
054050 | 16/33
056190 | 17/33
067010 | 18/33
069540 | 19/33
079900 | 20/33
083930 | 21/33
085660 | 22/33
088260 | 23/33
092440 | 24/33
114090 | 25/33
141000 | 26/33
189860 | 27/33
241820 | 28/33
331740 | 29/33
395400 | 30/33
2026-06-15 01:12:54.813350 | 395400 | quarterly data of 395400 is empty.
412540 | 31/33
417200 | 32/33
434480 | 33/33
sending incremental file list
000250.png
001570.png
001720.png
0017J0.png
003160.png
006660.png
011790.png
015360.png
019680.png
025900.png
039560.png
041440.png
043260.png
043610.png
049800.png
054050.png
056190.png
067010.png
069540.png
079900.png
083930.png
085660.png
088260.png
092440.png
114090.png
141000.png
189860.png
241820.png
331740.png
412540.png
417200.png
434480.png
df_krx.db
update_info.txt

sent 13,046,202 bytes  received 664 bytes  26,093,732.00 bytes/sec
total size is 1,127,555,247  speedup is 86.42
