2025-08-21 11:22:32.046956 | 125490 | quarterly data of 125490 is empty.
2025-08-21 12:39:25.454230 | 950130 | quarterly data of 950130 is empty.
2025-08-21 12:39:26.896617 | 950160 | quarterly data of 950160 is empty.
2025-08-21 12:39:28.341218 | 950190 | quarterly data of 950190 is empty.
2025-08-21 12:39:29.787781 | 950200 | quarterly data of 950200 is empty.
2025-08-21 12:39:31.232818 | 950220 | quarterly data of 950220 is empty.
2025-08-22 03:01:12.296121 | 0044K0 | quarterly data of 0044K0 is empty.
2025-08-22 03:14:32.592585 | 125490 | quarterly data of 125490 is empty.
2025-08-22 03:22:44.524531 | 950130 | quarterly data of 950130 is empty.
2025-08-22 03:22:45.939116 | 950160 | quarterly data of 950160 is empty.
2025-08-22 03:22:47.358059 | 950190 | quarterly data of 950190 is empty.
2025-08-22 03:22:48.772150 | 950200 | quarterly data of 950200 is empty.
2025-08-22 03:22:50.194972 | 950220 | quarterly data of 950220 is empty.
2025-08-26 02:10:47.835612 | 0010V0 | quarterly data of 0010V0 is empty.
2025-08-26 02:14:21.740877 | 900310 | quarterly data of 900310 is empty.
2025-08-27 02:13:20.452689 | 900310 | quarterly data of 900310 is empty.
2025-08-28 02:10:54.659784 | 900310 | quarterly data of 900310 is empty.
2025-08-29 02:10:19.571103 | 900070 | quarterly data of 900070 is empty.
2025-08-29 02:10:21.005115 | 900140 | quarterly data of 900140 is empty.
2025-08-29 02:10:22.438090 | 900260 | quarterly data of 900260 is empty.
2025-08-29 02:10:23.873528 | 900310 | quarterly data of 900310 is empty.
2025-08-29 02:10:25.300777 | 900340 | quarterly data of 900340 is empty.
2025-08-30 02:17:40.583901 | 900070 | quarterly data of 900070 is empty.
2025-08-30 02:17:42.010404 | 900100 | quarterly data of 900100 is empty.
2025-08-30 02:17:43.444639 | 900110 | quarterly data of 900110 is empty.
2025-08-30 02:17:44.873703 | 900140 | quarterly data of 900140 is empty.
2025-08-30 02:17:46.297216 | 900250 | quarterly data of 900250 is empty.
2025-08-30 02:17:47.723181 | 900260 | quarterly data of 900260 is empty.
2025-08-30 02:17:49.155249 | 900270 | quarterly data of 900270 is empty.
2025-08-30 02:17:50.579126 | 900300 | quarterly data of 900300 is empty.
2025-08-30 02:17:51.998976 | 900310 | quarterly data of 900310 is empty.
2025-08-30 02:17:53.418443 | 900340 | quarterly data of 900340 is empty.
2025-08-31 02:12:59.059511 | 900070 | quarterly data of 900070 is empty.
2025-08-31 02:13:00.490542 | 900100 | quarterly data of 900100 is empty.
2025-08-31 02:13:01.910291 | 900110 | quarterly data of 900110 is empty.
2025-08-31 02:13:03.327220 | 900140 | quarterly data of 900140 is empty.
2025-08-31 02:13:04.749294 | 900250 | quarterly data of 900250 is empty.
2025-08-31 02:13:06.168920 | 900260 | quarterly data of 900260 is empty.
2025-08-31 02:13:07.753661 | 900270 | quarterly data of 900270 is empty.
2025-08-31 02:13:09.182895 | 900300 | quarterly data of 900300 is empty.
2025-08-31 02:13:10.614906 | 900310 | quarterly data of 900310 is empty.
2025-08-31 02:13:12.045725 | 900340 | quarterly data of 900340 is empty.
2025-09-01 02:12:28.222198 | 900070 | quarterly data of 900070 is empty.
2025-09-01 02:12:29.646167 | 900100 | quarterly data of 900100 is empty.
2025-09-01 02:12:31.074574 | 900110 | quarterly data of 900110 is empty.
2025-09-01 02:12:32.501647 | 900140 | quarterly data of 900140 is empty.
2025-09-01 02:12:33.923744 | 900250 | quarterly data of 900250 is empty.
2025-09-01 02:12:35.347843 | 900260 | quarterly data of 900260 is empty.
2025-09-01 02:12:36.773047 | 900270 | quarterly data of 900270 is empty.
2025-09-01 02:12:38.198797 | 900300 | quarterly data of 900300 is empty.
2025-09-01 02:12:39.620736 | 900310 | quarterly data of 900310 is empty.
2025-09-01 02:12:41.043173 | 900340 | quarterly data of 900340 is empty.
2025-09-02 02:13:40.193885 | 900070 | quarterly data of 900070 is empty.
2025-09-02 02:13:41.612116 | 900100 | quarterly data of 900100 is empty.
2025-09-02 02:13:43.028505 | 900110 | quarterly data of 900110 is empty.
2025-09-02 02:13:44.443905 | 900140 | quarterly data of 900140 is empty.
2025-09-02 02:13:45.860435 | 900250 | quarterly data of 900250 is empty.
2025-09-02 02:13:47.271647 | 900260 | quarterly data of 900260 is empty.
2025-09-02 02:13:48.689475 | 900270 | quarterly data of 900270 is empty.
2025-09-02 02:13:50.114606 | 900300 | quarterly data of 900300 is empty.
2025-09-02 02:13:51.532099 | 900310 | quarterly data of 900310 is empty.
2025-09-02 02:13:52.948727 | 900340 | quarterly data of 900340 is empty.
2025-09-03 02:13:12.254172 | 900070 | quarterly data of 900070 is empty.
2025-09-03 02:13:13.682477 | 900100 | quarterly data of 900100 is empty.
2025-09-03 02:13:15.105532 | 900110 | quarterly data of 900110 is empty.
2025-09-03 02:13:16.529915 | 900140 | quarterly data of 900140 is empty.
2025-09-03 02:13:17.956233 | 900250 | quarterly data of 900250 is empty.
2025-09-03 02:13:19.383798 | 900260 | quarterly data of 900260 is empty.
2025-09-03 02:13:20.811594 | 900270 | quarterly data of 900270 is empty.
2025-09-03 02:13:22.238923 | 900300 | quarterly data of 900300 is empty.
2025-09-03 02:13:23.673197 | 900340 | quarterly data of 900340 is empty.
2025-09-04 02:12:37.083068 | 900070 | quarterly data of 900070 is empty.
2025-09-04 02:12:38.502299 | 900100 | quarterly data of 900100 is empty.
2025-09-04 02:12:39.915306 | 900110 | quarterly data of 900110 is empty.
2025-09-04 02:12:41.332923 | 900140 | quarterly data of 900140 is empty.
2025-09-04 02:12:42.747975 | 900250 | quarterly data of 900250 is empty.
2025-09-04 02:12:44.163484 | 900260 | quarterly data of 900260 is empty.
2025-09-04 02:12:45.575269 | 900270 | quarterly data of 900270 is empty.
2025-09-04 02:12:46.986820 | 900300 | quarterly data of 900300 is empty.
2025-09-04 02:12:48.399793 | 900340 | quarterly data of 900340 is empty.
2025-09-05 02:13:57.213646 | 900070 | quarterly data of 900070 is empty.
2025-09-05 02:13:58.652794 | 900100 | quarterly data of 900100 is empty.
2025-09-05 02:14:00.092589 | 900110 | quarterly data of 900110 is empty.
2025-09-05 02:14:01.532438 | 900140 | quarterly data of 900140 is empty.
2025-09-05 02:14:02.970441 | 900250 | quarterly data of 900250 is empty.
2025-09-05 02:14:04.402270 | 900260 | quarterly data of 900260 is empty.
2025-09-05 02:14:05.833255 | 900270 | quarterly data of 900270 is empty.
2025-09-05 02:14:07.428332 | 900300 | quarterly data of 900300 is empty.
2025-09-05 02:14:08.865920 | 900340 | quarterly data of 900340 is empty.
2025-09-06 02:13:10.630274 | 900100 | quarterly data of 900100 is empty.
2025-09-06 02:13:12.035471 | 900110 | quarterly data of 900110 is empty.
2025-09-06 02:13:13.440577 | 900250 | quarterly data of 900250 is empty.
2025-09-06 02:13:14.845567 | 900270 | quarterly data of 900270 is empty.
2025-09-06 02:13:16.313897 | 900300 | quarterly data of 900300 is empty.
2025-09-20 02:05:35.272667 | 950210 | quarterly data of 950210 is empty.
2025-09-21 02:04:49.134441 | 950210 | quarterly data of 950210 is empty.
2025-09-22 02:04:53.766435 | 950210 | quarterly data of 950210 is empty.
2025-09-23 02:05:38.064312 | 395400 | quarterly data of 395400 is empty.
2025-09-23 02:05:43.737564 | 950210 | quarterly data of 950210 is empty.
2025-09-24 02:04:51.387259 | 395400 | quarterly data of 395400 is empty.
2025-09-24 02:04:52.958848 | 950210 | quarterly data of 950210 is empty.
2025-09-25 02:04:21.860760 | 395400 | quarterly data of 395400 is empty.
2025-09-25 02:04:23.441093 | 950210 | quarterly data of 950210 is empty.
2025-09-26 02:04:26.404872 | 395400 | quarterly data of 395400 is empty.
2025-09-26 02:04:28.003514 | 950210 | quarterly data of 950210 is empty.
2025-09-27 02:05:03.315639 | 395400 | quarterly data of 395400 is empty.
2025-09-27 02:05:04.743469 | 950210 | quarterly data of 950210 is empty.
2025-09-28 02:04:43.720318 | 395400 | quarterly data of 395400 is empty.
2025-09-28 02:04:45.301572 | 950210 | quarterly data of 950210 is empty.
2025-09-29 02:04:40.650557 | 395400 | quarterly data of 395400 is empty.
2025-09-29 02:04:42.231588 | 950210 | quarterly data of 950210 is empty.
2025-09-30 02:05:28.706278 | 395400 | quarterly data of 395400 is empty.
2025-09-30 02:05:30.285286 | 950210 | quarterly data of 950210 is empty.
2025-10-01 02:08:08.862754 | 950210 | quarterly data of 950210 is empty.
2025-10-03 02:07:47.254060 | 448730 | quarterly data of 448730 is empty.
2025-10-04 02:07:22.633831 | 448730 | quarterly data of 448730 is empty.
2025-10-05 02:06:24.823444 | 448730 | quarterly data of 448730 is empty.
2025-10-06 02:06:06.809923 | 448730 | quarterly data of 448730 is empty.
2025-10-07 02:06:05.569256 | 448730 | quarterly data of 448730 is empty.
2025-10-08 02:05:40.068361 | 448730 | quarterly data of 448730 is empty.
2025-10-09 02:05:22.709361 | 448730 | quarterly data of 448730 is empty.
2025-10-10 02:04:50.645490 | 448730 | quarterly data of 448730 is empty.
2025-10-24 02:06:19.360486 | 900290 | quarterly data of 900290 is empty.
2025-10-25 02:06:42.083811 | 900290 | quarterly data of 900290 is empty.
2025-10-26 02:05:49.335003 | 900290 | quarterly data of 900290 is empty.
2025-10-27 02:05:46.695280 | 900290 | quarterly data of 900290 is empty.
2025-10-28 02:06:12.086507 | 900290 | quarterly data of 900290 is empty.
2025-10-29 02:06:34.088599 | 900120 | quarterly data of 900120 is empty.
2025-10-29 02:06:35.530773 | 900290 | quarterly data of 900290 is empty.
2025-10-30 02:06:19.431295 | 900120 | quarterly data of 900120 is empty.
2025-10-30 02:06:20.875857 | 900290 | quarterly data of 900290 is empty.
2025-10-31 02:06:30.766107 | 900120 | quarterly data of 900120 is empty.
2025-10-31 02:06:32.205902 | 900290 | quarterly data of 900290 is empty.
2025-10-31 02:06:33.642677 | 950170 | quarterly data of 950170 is empty.
2025-11-01 02:06:51.346867 | 900120 | quarterly data of 900120 is empty.
2025-11-01 02:06:52.778153 | 950170 | quarterly data of 950170 is empty.
2025-11-02 02:04:10.287287 | 900120 | quarterly data of 900120 is empty.
2025-11-02 02:05:19.256173 | 950170 | quarterly data of 950170 is empty.
2025-11-03 02:04:33.704960 | 900120 | quarterly data of 900120 is empty.
2025-11-03 02:05:21.534515 | 950170 | quarterly data of 950170 is empty.
2025-11-04 02:04:32.514292 | 950170 | quarterly data of 950170 is empty.
2025-11-04 02:05:36.963076 | 900120 | quarterly data of 900120 is empty.
2025-11-05 02:04:52.684580 | 900120 | quarterly data of 900120 is empty.
2025-11-05 02:06:26.116092 | 950170 | quarterly data of 950170 is empty.
2025-11-06 02:06:23.146297 | 950170 | quarterly data of 950170 is empty.
2025-11-07 02:05:23.156755 | 950170 | quarterly data of 950170 is empty.
2025-11-08 02:07:21.488157 | 950140 | quarterly data of 950140 is empty.
2025-11-08 02:07:22.914046 | 950220 | quarterly data of 950220 is empty.
2025-11-09 02:05:36.049551 | 950140 | quarterly data of 950140 is empty.
2025-11-09 02:05:37.461404 | 950220 | quarterly data of 950220 is empty.
2025-11-10 10:29:54.654249 | 950140 | quarterly data of 950140 is empty.
2025-11-10 10:29:56.097081 | 950220 | quarterly data of 950220 is empty.
2025-11-11 02:09:46.979051 | 950140 | quarterly data of 950140 is empty.
2025-11-11 02:09:48.398476 | 950220 | quarterly data of 950220 is empty.
2025-11-12 02:25:28.611132 | 0030R0 | quarterly data of 0030R0 is empty.
2025-11-12 02:30:24.539856 | 950140 | quarterly data of 950140 is empty.
2025-11-12 02:30:25.980131 | 950220 | quarterly data of 950220 is empty.
2025-11-13 02:18:53.748716 | 0030R0 | quarterly data of 0030R0 is empty.
2025-11-13 02:30:07.661229 | 417310 | quarterly data of 417310 is empty.
2025-11-13 02:31:05.356061 | 950140 | quarterly data of 950140 is empty.
2025-11-13 02:31:06.781476 | 950220 | quarterly data of 950220 is empty.
2025-11-14 03:00:18.787957 | 0030R0 | quarterly data of 0030R0 is empty.
2025-11-14 03:40:03.049367 | 417310 | quarterly data of 417310 is empty.
2025-11-14 03:43:00.373177 | 950140 | quarterly data of 950140 is empty.
2025-11-14 03:43:01.801542 | 950220 | quarterly data of 950220 is empty.
2025-11-15 07:18:45.820725 | 0030R0 | quarterly data of 0030R0 is empty.
2025-11-15 07:38:58.644628 | 008700 | quarterly data of 008700 is empty.
2025-11-15 08:51:19.527180 | 061090 | quarterly data of 061090 is empty.
2025-11-15 10:46:07.177930 | 417310 | quarterly data of 417310 is empty.
2025-11-15 10:56:08.543498 | 950130 | quarterly data of 950130 is empty.
2025-11-15 10:56:09.981100 | 950140 | quarterly data of 950140 is empty.
2025-11-15 10:56:11.414801 | 950160 | quarterly data of 950160 is empty.
2025-11-15 10:56:12.856411 | 950190 | quarterly data of 950190 is empty.
2025-11-15 10:56:14.297318 | 950200 | quarterly data of 950200 is empty.
2025-11-15 10:56:15.740892 | 950220 | quarterly data of 950220 is empty.
2025-11-16 03:52:51.087322 | 0030R0 | quarterly data of 0030R0 is empty.
2025-11-16 04:02:22.699999 | 008700 | quarterly data of 008700 is empty.
2025-11-16 05:05:13.778170 | 417310 | quarterly data of 417310 is empty.
2025-11-16 05:07:37.668770 | 950130 | quarterly data of 950130 is empty.
2025-11-16 05:07:39.093926 | 950160 | quarterly data of 950160 is empty.
2025-11-16 05:07:40.519255 | 950190 | quarterly data of 950190 is empty.
2025-11-16 05:07:41.943963 | 950200 | quarterly data of 950200 is empty.
2025-11-17 02:39:03.692171 | 0030R0 | quarterly data of 0030R0 is empty.
2025-11-17 02:41:32.445673 | 008700 | quarterly data of 008700 is empty.
2025-11-17 03:00:14.604349 | 417310 | quarterly data of 417310 is empty.
2025-11-17 03:01:07.028019 | 950130 | quarterly data of 950130 is empty.
2025-11-17 03:01:08.443899 | 950160 | quarterly data of 950160 is empty.
2025-11-17 03:01:09.857299 | 950190 | quarterly data of 950190 is empty.
2025-11-17 03:01:11.272938 | 950200 | quarterly data of 950200 is empty.
2025-11-18 02:28:02.642916 | 0030R0 | quarterly data of 0030R0 is empty.
2025-11-18 02:29:33.938453 | 008700 | quarterly data of 008700 is empty.
2025-11-18 02:41:45.179028 | 417310 | quarterly data of 417310 is empty.
2025-11-18 02:42:36.889907 | 950130 | quarterly data of 950130 is empty.
2025-11-18 02:42:38.317321 | 950160 | quarterly data of 950160 is empty.
2025-11-18 02:42:39.741398 | 950190 | quarterly data of 950190 is empty.
2025-11-18 02:42:41.173273 | 950200 | quarterly data of 950200 is empty.
2025-11-19 02:17:18.262086 | 0030R0 | quarterly data of 0030R0 is empty.
2025-11-19 02:17:59.859378 | 008700 | quarterly data of 008700 is empty.
2025-11-19 02:22:41.563962 | 403850 | quarterly data of 403850 is empty.
2025-11-19 02:22:47.964044 | 417310 | quarterly data of 417310 is empty.
2025-11-19 02:23:18.792138 | 950130 | quarterly data of 950130 is empty.
2025-11-19 02:23:20.222971 | 950160 | quarterly data of 950160 is empty.
2025-11-19 02:23:21.653874 | 950190 | quarterly data of 950190 is empty.
2025-11-19 02:23:23.099495 | 950200 | quarterly data of 950200 is empty.
2025-11-20 02:16:56.497745 | 008700 | quarterly data of 008700 is empty.
2025-11-20 02:21:57.710587 | 417310 | quarterly data of 417310 is empty.
2025-11-20 02:22:28.345116 | 950130 | quarterly data of 950130 is empty.
2025-11-20 02:22:29.776843 | 950160 | quarterly data of 950160 is empty.
2025-11-20 02:22:31.206411 | 950190 | quarterly data of 950190 is empty.
2025-11-20 02:22:32.633652 | 950200 | quarterly data of 950200 is empty.
2025-11-21 02:17:36.636737 | 008700 | quarterly data of 008700 is empty.
2025-11-21 02:22:52.805243 | 388210 | quarterly data of 388210 is empty.
2025-11-21 02:23:30.168134 | 950130 | quarterly data of 950130 is empty.
2025-11-21 02:23:31.603254 | 950160 | quarterly data of 950160 is empty.
2025-11-21 02:23:33.040255 | 950190 | quarterly data of 950190 is empty.
2025-11-21 02:23:34.474285 | 950200 | quarterly data of 950200 is empty.
2025-11-22 02:17:22.806082 | 008700 | quarterly data of 008700 is empty.
2025-11-22 02:22:58.281385 | 900310 | quarterly data of 900310 is empty.
2025-11-22 02:22:59.715671 | 950130 | quarterly data of 950130 is empty.
2025-11-22 02:23:01.151871 | 950160 | quarterly data of 950160 is empty.
2025-11-22 02:23:02.579038 | 950190 | quarterly data of 950190 is empty.
2025-11-22 02:23:04.010752 | 950200 | quarterly data of 950200 is empty.
2025-11-23 02:09:11.238118 | 900310 | quarterly data of 900310 is empty.
2025-11-24 02:09:06.537577 | 900310 | quarterly data of 900310 is empty.
2025-11-25 02:09:46.284299 | 900310 | quarterly data of 900310 is empty.
2025-11-26 02:07:55.328614 | 900310 | quarterly data of 900310 is empty.
2025-11-27 02:07:44.015881 | 900310 | quarterly data of 900310 is empty.
2025-11-28 02:07:28.915352 | 900100 | quarterly data of 900100 is empty.
2025-11-28 02:07:30.333810 | 900310 | quarterly data of 900310 is empty.
2025-11-29 02:10:42.141361 | 900100 | quarterly data of 900100 is empty.
2025-11-29 02:10:43.530209 | 900140 | quarterly data of 900140 is empty.
2025-11-29 02:10:44.916568 | 900260 | quarterly data of 900260 is empty.
2025-11-29 02:10:46.467797 | 900310 | quarterly data of 900310 is empty.
2025-11-29 02:10:47.854377 | 900340 | quarterly data of 900340 is empty.
2025-11-29 02:10:49.293181 | 950210 | quarterly data of 950210 is empty.
2025-11-30 02:07:47.600899 | 900100 | quarterly data of 900100 is empty.
2025-11-30 02:07:49.003630 | 900140 | quarterly data of 900140 is empty.
2025-11-30 02:07:50.410125 | 900260 | quarterly data of 900260 is empty.
2025-11-30 02:07:51.808002 | 900340 | quarterly data of 900340 is empty.
2025-11-30 02:07:53.200560 | 950210 | quarterly data of 950210 is empty.
2025-12-01 02:07:48.840454 | 900100 | quarterly data of 900100 is empty.
2025-12-01 02:07:50.235004 | 900140 | quarterly data of 900140 is empty.
2025-12-01 02:07:51.618928 | 900260 | quarterly data of 900260 is empty.
2025-12-01 02:07:53.003801 | 900340 | quarterly data of 900340 is empty.
2025-12-01 02:07:54.389355 | 950210 | quarterly data of 950210 is empty.
2025-12-02 02:43:48.142872 | 900070 | quarterly data of 900070 is empty.
2025-12-02 02:43:49.543743 | 900100 | quarterly data of 900100 is empty.
2025-12-02 02:43:50.944490 | 900110 | quarterly data of 900110 is empty.
2025-12-02 02:43:52.344528 | 900120 | quarterly data of 900120 is empty.
2025-12-02 02:43:53.740781 | 900140 | quarterly data of 900140 is empty.
2025-12-02 02:43:55.133662 | 900250 | quarterly data of 900250 is empty.
2025-12-02 02:43:56.523698 | 900260 | quarterly data of 900260 is empty.
2025-12-02 02:43:58.079339 | 900270 | quarterly data of 900270 is empty.
2025-12-02 02:43:59.476125 | 900290 | quarterly data of 900290 is empty.
2025-12-02 02:44:00.866917 | 900300 | quarterly data of 900300 is empty.
2025-12-02 02:44:02.260999 | 900340 | quarterly data of 900340 is empty.
2025-12-02 02:44:03.650581 | 950210 | quarterly data of 950210 is empty.
2025-12-03 02:11:32.518376 | 900070 | quarterly data of 900070 is empty.
2025-12-03 02:11:33.905199 | 900100 | quarterly data of 900100 is empty.
2025-12-03 02:11:35.288374 | 900110 | quarterly data of 900110 is empty.
2025-12-03 02:11:36.670558 | 900120 | quarterly data of 900120 is empty.
2025-12-03 02:11:38.051991 | 900140 | quarterly data of 900140 is empty.
2025-12-03 02:11:39.433220 | 900250 | quarterly data of 900250 is empty.
2025-12-03 02:11:40.815960 | 900260 | quarterly data of 900260 is empty.
2025-12-03 02:11:42.199966 | 900270 | quarterly data of 900270 is empty.
2025-12-03 02:11:43.578708 | 900290 | quarterly data of 900290 is empty.
2025-12-03 02:11:44.962752 | 900300 | quarterly data of 900300 is empty.
2025-12-03 02:11:46.344985 | 900340 | quarterly data of 900340 is empty.
2025-12-03 02:11:47.725278 | 950210 | quarterly data of 950210 is empty.
2025-12-04 02:09:55.817623 | 900070 | quarterly data of 900070 is empty.
2025-12-04 02:09:57.212066 | 900100 | quarterly data of 900100 is empty.
2025-12-04 02:09:58.598469 | 900110 | quarterly data of 900110 is empty.
2025-12-04 02:09:59.992377 | 900120 | quarterly data of 900120 is empty.
2025-12-04 02:10:01.376463 | 900140 | quarterly data of 900140 is empty.
2025-12-04 02:10:02.757484 | 900250 | quarterly data of 900250 is empty.
2025-12-04 02:10:04.142839 | 900260 | quarterly data of 900260 is empty.
2025-12-04 02:10:05.693925 | 900270 | quarterly data of 900270 is empty.
2025-12-04 02:10:07.084447 | 900290 | quarterly data of 900290 is empty.
2025-12-04 02:10:08.465757 | 900300 | quarterly data of 900300 is empty.
2025-12-04 02:10:10.015837 | 900340 | quarterly data of 900340 is empty.
2025-12-04 02:10:11.401086 | 950210 | quarterly data of 950210 is empty.
2025-12-05 02:10:21.468323 | 900070 | quarterly data of 900070 is empty.
2025-12-05 02:10:22.874671 | 900100 | quarterly data of 900100 is empty.
2025-12-05 02:10:24.268152 | 900110 | quarterly data of 900110 is empty.
2025-12-05 02:10:25.663768 | 900120 | quarterly data of 900120 is empty.
2025-12-05 02:10:27.058241 | 900140 | quarterly data of 900140 is empty.
2025-12-05 02:10:28.453545 | 900250 | quarterly data of 900250 is empty.
2025-12-05 02:10:29.849375 | 900260 | quarterly data of 900260 is empty.
2025-12-05 02:10:31.245178 | 900270 | quarterly data of 900270 is empty.
2025-12-05 02:10:32.645891 | 900290 | quarterly data of 900290 is empty.
2025-12-05 02:10:34.044960 | 900300 | quarterly data of 900300 is empty.
2025-12-05 02:10:35.444475 | 900340 | quarterly data of 900340 is empty.
2025-12-05 02:10:36.839703 | 950210 | quarterly data of 950210 is empty.
2025-12-06 02:09:47.676469 | 900070 | quarterly data of 900070 is empty.
2025-12-06 02:09:49.060547 | 900110 | quarterly data of 900110 is empty.
2025-12-06 02:09:50.446673 | 900120 | quarterly data of 900120 is empty.
2025-12-06 02:09:51.828839 | 900140 | quarterly data of 900140 is empty.
2025-12-06 02:09:53.207532 | 900250 | quarterly data of 900250 is empty.
2025-12-06 02:09:54.590696 | 900260 | quarterly data of 900260 is empty.
2025-12-06 02:09:55.969701 | 900270 | quarterly data of 900270 is empty.
2025-12-06 02:09:57.352031 | 900290 | quarterly data of 900290 is empty.
2025-12-06 02:09:58.734310 | 900300 | quarterly data of 900300 is empty.
2025-12-06 02:10:00.121014 | 900340 | quarterly data of 900340 is empty.
2025-12-06 02:10:01.506039 | 950210 | quarterly data of 950210 is empty.
2025-12-07 02:05:37.151504 | 900070 | quarterly data of 900070 is empty.
2025-12-07 02:05:38.553264 | 900110 | quarterly data of 900110 is empty.
2025-12-07 02:05:39.944303 | 900120 | quarterly data of 900120 is empty.
2025-12-07 02:05:41.340228 | 900250 | quarterly data of 900250 is empty.
2025-12-07 02:05:42.733622 | 900270 | quarterly data of 900270 is empty.
2025-12-07 02:05:44.292234 | 900290 | quarterly data of 900290 is empty.
2025-12-07 02:05:45.687929 | 900300 | quarterly data of 900300 is empty.
2025-12-08 02:05:34.744742 | 900070 | quarterly data of 900070 is empty.
2025-12-08 02:05:36.141476 | 900110 | quarterly data of 900110 is empty.
2025-12-08 02:05:37.538084 | 900120 | quarterly data of 900120 is empty.
2025-12-08 02:05:38.931187 | 900250 | quarterly data of 900250 is empty.
2025-12-08 02:05:40.325507 | 900270 | quarterly data of 900270 is empty.
2025-12-08 02:05:41.720801 | 900290 | quarterly data of 900290 is empty.
2025-12-08 02:05:43.112050 | 900300 | quarterly data of 900300 is empty.
2025-12-09 02:06:00.223837 | 900070 | quarterly data of 900070 is empty.
2025-12-09 02:06:01.632615 | 900110 | quarterly data of 900110 is empty.
2025-12-09 02:06:03.047504 | 900120 | quarterly data of 900120 is empty.
2025-12-09 02:06:04.448540 | 900250 | quarterly data of 900250 is empty.
2025-12-09 02:06:05.851256 | 900270 | quarterly data of 900270 is empty.
2025-12-09 02:06:07.254406 | 900290 | quarterly data of 900290 is empty.
2025-12-09 02:06:08.663734 | 900300 | quarterly data of 900300 is empty.
2025-12-11 02:04:01.941953 | 395400 | quarterly data of 395400 is empty.
2025-12-12 02:04:10.774995 | 395400 | quarterly data of 395400 is empty.
2025-12-13 02:03:26.742128 | 395400 | quarterly data of 395400 is empty.
2025-12-14 02:02:53.202092 | 395400 | quarterly data of 395400 is empty.
2025-12-15 02:02:55.754982 | 395400 | quarterly data of 395400 is empty.
2025-12-16 02:04:04.930085 | 395400 | quarterly data of 395400 is empty.
2025-12-17 02:04:13.260037 | 395400 | quarterly data of 395400 is empty.
2025-12-18 02:03:56.292539 | 395400 | quarterly data of 395400 is empty.
2025-12-31 02:02:55.658621 | 950250 | quarterly data of 950250 is empty.
2026-01-01 02:08:47.258248 | 950250 | quarterly data of 950250 is empty.
2026-01-02 02:08:52.508170 | 950250 | quarterly data of 950250 is empty.
2026-01-08 02:10:38.683152 | 950250 | quarterly data of 950250 is empty.
2026-01-09 02:08:30.644887 | 448730 | quarterly data of 448730 is empty.
2026-01-10 02:08:31.585415 | 448730 | quarterly data of 448730 is empty.
2026-01-11 02:08:10.174247 | 448730 | quarterly data of 448730 is empty.
2026-01-12 02:08:07.978260 | 448730 | quarterly data of 448730 is empty.
2026-01-13 02:08:29.609351 | 448730 | quarterly data of 448730 is empty.
2026-01-14 02:08:34.936436 | 448730 | quarterly data of 448730 is empty.
2026-01-15 02:08:50.402522 | 448730 | quarterly data of 448730 is empty.
2026-01-16 02:06:27.865804 | 448730 | quarterly data of 448730 is empty.
2026-01-30 02:08:47.496536 | 950170 | quarterly data of 950170 is empty.
2026-01-31 02:08:49.724162 | 950170 | quarterly data of 950170 is empty.
2026-02-01 02:08:35.126461 | 950170 | quarterly data of 950170 is empty.
2026-02-02 02:08:31.618806 | 950170 | quarterly data of 950170 is empty.
2026-02-03 02:08:52.503132 | 950170 | quarterly data of 950170 is empty.
2026-02-04 02:09:15.970285 | 950170 | quarterly data of 950170 is empty.
2026-02-05 02:06:35.492974 | 0030R0 | quarterly data of 0030R0 is empty.
2026-02-05 02:09:27.017645 | 950170 | quarterly data of 950170 is empty.
2026-02-06 02:06:28.466180 | 0030R0 | quarterly data of 0030R0 is empty.
2026-02-06 02:09:17.318751 | 950170 | quarterly data of 950170 is empty.
2026-02-07 02:06:38.708606 | 0030R0 | quarterly data of 0030R0 is empty.
2026-02-08 02:06:09.412127 | 0030R0 | quarterly data of 0030R0 is empty.
2026-02-09 02:06:02.801729 | 0030R0 | quarterly data of 0030R0 is empty.
2026-02-10 02:06:22.727785 | 0030R0 | quarterly data of 0030R0 is empty.
2026-02-11 02:06:29.743925 | 0030R0 | quarterly data of 0030R0 is empty.
2026-02-12 02:06:09.363085 | 0030R0 | quarterly data of 0030R0 is empty.
2026-02-14 02:11:02.934082 | 417310 | quarterly data of 417310 is empty.
2026-02-15 02:05:55.714514 | 417310 | quarterly data of 417310 is empty.
2026-02-16 02:06:03.660129 | 417310 | quarterly data of 417310 is empty.
2026-02-17 02:05:56.317082 | 417310 | quarterly data of 417310 is empty.
2026-02-18 02:05:55.559029 | 417310 | quarterly data of 417310 is empty.
2026-02-19 02:05:55.424782 | 417310 | quarterly data of 417310 is empty.
2026-02-20 02:08:03.227178 | 417310 | quarterly data of 417310 is empty.
2026-02-21 02:05:57.517599 | 417310 | quarterly data of 417310 is empty.
2026-03-18 03:55:02.951270 | 0015S0 | quarterly data of 0015S0 is empty.
2026-03-18 04:00:38.000498 | 0054V0 | quarterly data of 0054V0 is empty.
2026-03-18 04:04:33.643315 | 008700 | quarterly data of 008700 is empty.
2026-03-18 04:04:58.966376 | 0088D0 | quarterly data of 0088D0 is empty.
2026-03-18 04:05:25.440366 | 0091W0 | quarterly data of 0091W0 is empty.
2026-03-18 04:05:43.388340 | 0096B0 | quarterly data of 0096B0 is empty.
2026-03-18 04:05:45.001870 | 0096D0 | quarterly data of 0096D0 is empty.
2026-03-18 04:05:46.454132 | 0097F0 | quarterly data of 0097F0 is empty.
2026-03-18 04:05:55.982909 | 0098T0 | quarterly data of 0098T0 is empty.
2026-03-18 04:05:57.436043 | 0099W0 | quarterly data of 0099W0 is empty.
2026-03-18 04:05:58.878643 | 0099X0 | quarterly data of 0099X0 is empty.
2026-03-18 04:06:16.434271 | 0101C0 | quarterly data of 0101C0 is empty.
2026-03-18 04:06:18.043677 | 0105P0 | quarterly data of 0105P0 is empty.
2026-03-18 04:07:19.110667 | 0120G0 | quarterly data of 0120G0 is empty.
2026-03-18 04:08:15.861257 | 0126Z0 | quarterly data of 0126Z0 is empty.
2026-03-18 05:02:47.701672 | 395400 | quarterly data of 395400 is empty.
2026-03-18 05:05:54.735305 | 466690 | quarterly data of 466690 is empty.
2026-03-18 05:09:20.291127 | 900120 | quarterly data of 900120 is empty.
2026-03-18 05:09:21.748526 | 900290 | quarterly data of 900290 is empty.
2026-03-18 05:09:23.376855 | 950140 | quarterly data of 950140 is empty.
2026-03-18 05:09:24.839066 | 950210 | quarterly data of 950210 is empty.
2026-03-19 03:55:31.735885 | 0007C0 | quarterly data of 0007C0 is empty.
2026-03-19 03:56:33.821743 | 0011A0 | quarterly data of 0011A0 is empty.
2026-03-19 03:58:13.592250 | 0015S0 | quarterly data of 0015S0 is empty.
2026-03-19 04:05:23.270952 | 0054V0 | quarterly data of 0054V0 is empty.
2026-03-19 04:08:34.781437 | 008700 | quarterly data of 008700 is empty.
2026-03-19 04:08:36.221360 | 0088D0 | quarterly data of 0088D0 is empty.
2026-03-19 04:10:03.655357 | 0096B0 | quarterly data of 0096B0 is empty.
2026-03-19 04:10:12.426308 | 0097F0 | quarterly data of 0097F0 is empty.
2026-03-19 04:10:22.247582 | 0099X0 | quarterly data of 0099X0 is empty.
2026-03-19 04:10:56.061022 | 0105P0 | quarterly data of 0105P0 is empty.
2026-03-19 04:11:47.429094 | 0115H0 | quarterly data of 0115H0 is empty.
2026-03-19 04:12:11.672415 | 0120G0 | quarterly data of 0120G0 is empty.
2026-03-19 04:12:44.855737 | 0126Z0 | quarterly data of 0126Z0 is empty.
2026-03-19 05:10:47.300806 | 395400 | quarterly data of 395400 is empty.
2026-03-19 05:14:44.435717 | 950140 | quarterly data of 950140 is empty.
2026-03-19 05:14:45.879136 | 950160 | quarterly data of 950160 is empty.
2026-03-20 03:58:35.716403 | 0007C0 | quarterly data of 0007C0 is empty.
2026-03-20 03:59:54.794327 | 0011A0 | quarterly data of 0011A0 is empty.
2026-03-20 04:00:46.631672 | 0015S0 | quarterly data of 0015S0 is empty.
2026-03-20 04:07:54.516791 | 0054V0 | quarterly data of 0054V0 is empty.
2026-03-20 04:11:26.844614 | 0082N0 | quarterly data of 0082N0 is empty.
2026-03-20 04:11:45.286464 | 008700 | quarterly data of 008700 is empty.
2026-03-20 04:11:46.730272 | 0088D0 | quarterly data of 0088D0 is empty.
2026-03-20 04:12:24.905233 | 0093G0 | quarterly data of 0093G0 is empty.
2026-03-20 04:13:07.911673 | 0096B0 | quarterly data of 0096B0 is empty.
2026-03-20 04:13:22.623517 | 0097F0 | quarterly data of 0097F0 is empty.
2026-03-20 04:13:32.217455 | 0099X0 | quarterly data of 0099X0 is empty.
2026-03-20 04:14:03.495483 | 0105P0 | quarterly data of 0105P0 is empty.
2026-03-20 04:14:53.951324 | 0115H0 | quarterly data of 0115H0 is empty.
2026-03-20 04:15:26.467252 | 0120G0 | quarterly data of 0120G0 is empty.
2026-03-20 04:16:08.289886 | 0126Z0 | quarterly data of 0126Z0 is empty.
2026-03-20 05:19:30.515687 | 900120 | quarterly data of 900120 is empty.
2026-03-20 05:19:31.951036 | 950140 | quarterly data of 950140 is empty.
2026-03-20 05:19:33.384785 | 950160 | quarterly data of 950160 is empty.
2026-03-20 05:19:34.818750 | 950220 | quarterly data of 950220 is empty.
2026-03-21 03:09:58.183154 | 0001A0 | quarterly data of 0001A0 is empty.
2026-03-21 03:10:11.796384 | 0007C0 | quarterly data of 0007C0 is empty.
2026-03-21 03:10:28.502979 | 0011A0 | quarterly data of 0011A0 is empty.
2026-03-21 03:10:40.263685 | 0015S0 | quarterly data of 0015S0 is empty.
2026-03-21 03:12:56.126091 | 0054V0 | quarterly data of 0054V0 is empty.
2026-03-21 03:13:27.841323 | 0082N0 | quarterly data of 0082N0 is empty.
2026-03-21 03:13:46.050658 | 0088D0 | quarterly data of 0088D0 is empty.
2026-03-21 03:14:01.992819 | 0093G0 | quarterly data of 0093G0 is empty.
2026-03-21 03:14:11.556842 | 0096B0 | quarterly data of 0096B0 is empty.
2026-03-21 03:14:17.581697 | 0105P0 | quarterly data of 0105P0 is empty.
2026-03-21 03:14:48.889544 | 0115H0 | quarterly data of 0115H0 is empty.
2026-03-21 03:14:58.311126 | 0120G0 | quarterly data of 0120G0 is empty.
2026-03-21 03:39:57.789780 | 261520 | quarterly data of 261520 is empty.
2026-03-21 03:48:48.149232 | 900120 | quarterly data of 900120 is empty.
2026-03-21 03:48:49.606480 | 950140 | quarterly data of 950140 is empty.
2026-03-21 03:48:51.050310 | 950160 | quarterly data of 950160 is empty.
2026-03-21 03:48:52.496151 | 950190 | quarterly data of 950190 is empty.
2026-03-21 03:48:53.943341 | 950220 | quarterly data of 950220 is empty.
2026-03-22 02:58:59.455748 | 0001A0 | quarterly data of 0001A0 is empty.
2026-03-22 02:59:13.586483 | 0007C0 | quarterly data of 0007C0 is empty.
2026-03-22 02:59:26.792426 | 0011A0 | quarterly data of 0011A0 is empty.
2026-03-22 02:59:38.672173 | 0015S0 | quarterly data of 0015S0 is empty.
2026-03-22 03:01:52.321293 | 0054V0 | quarterly data of 0054V0 is empty.
2026-03-22 03:02:24.371231 | 0082N0 | quarterly data of 0082N0 is empty.
2026-03-22 03:02:42.690897 | 0088D0 | quarterly data of 0088D0 is empty.
2026-03-22 03:02:52.517847 | 0093G0 | quarterly data of 0093G0 is empty.
2026-03-22 03:03:02.382369 | 0096B0 | quarterly data of 0096B0 is empty.
2026-03-22 03:03:03.989985 | 0105P0 | quarterly data of 0105P0 is empty.
2026-03-22 03:03:27.337841 | 0115H0 | quarterly data of 0115H0 is empty.
2026-03-22 03:23:48.407938 | 261520 | quarterly data of 261520 is empty.
2026-03-22 03:31:04.434869 | 900120 | quarterly data of 900120 is empty.
2026-03-22 03:31:05.882130 | 950140 | quarterly data of 950140 is empty.
2026-03-22 03:31:07.327596 | 950160 | quarterly data of 950160 is empty.
2026-03-22 03:31:08.785136 | 950190 | quarterly data of 950190 is empty.
2026-03-22 03:31:10.236103 | 950220 | quarterly data of 950220 is empty.
2026-03-23 02:48:23.516082 | 0001A0 | quarterly data of 0001A0 is empty.
2026-03-23 02:48:37.866341 | 0007C0 | quarterly data of 0007C0 is empty.
2026-03-23 02:48:47.500555 | 0011A0 | quarterly data of 0011A0 is empty.
2026-03-23 02:49:00.007244 | 0015S0 | quarterly data of 0015S0 is empty.
2026-03-23 02:50:49.650629 | 0054V0 | quarterly data of 0054V0 is empty.
2026-03-23 02:51:22.022076 | 0082N0 | quarterly data of 0082N0 is empty.
2026-03-23 02:51:32.559318 | 0088D0 | quarterly data of 0088D0 is empty.
2026-03-23 02:51:42.295051 | 0093G0 | quarterly data of 0093G0 is empty.
2026-03-23 02:51:51.963574 | 0096B0 | quarterly data of 0096B0 is empty.
2026-03-23 02:51:53.534336 | 0105P0 | quarterly data of 0105P0 is empty.
2026-03-23 02:52:16.938928 | 0115H0 | quarterly data of 0115H0 is empty.
2026-03-23 03:07:34.292820 | 261520 | quarterly data of 261520 is empty.
2026-03-23 03:12:43.052735 | 900120 | quarterly data of 900120 is empty.
2026-03-23 03:12:44.505264 | 950140 | quarterly data of 950140 is empty.
2026-03-23 03:12:45.958668 | 950160 | quarterly data of 950160 is empty.
2026-03-23 03:12:47.418635 | 950190 | quarterly data of 950190 is empty.
2026-03-23 03:12:48.866493 | 950220 | quarterly data of 950220 is empty.
2026-03-24 03:59:09.235872 | 0001A0 | quarterly data of 0001A0 is empty.
2026-03-24 03:59:33.944591 | 0007C0 | quarterly data of 0007C0 is empty.
2026-03-24 03:59:54.981115 | 0011A0 | quarterly data of 0011A0 is empty.
2026-03-24 04:00:18.918130 | 0013V0 | quarterly data of 0013V0 is empty.
2026-03-24 04:00:48.206508 | 0015S0 | quarterly data of 0015S0 is empty.
2026-03-24 04:04:41.887057 | 0054V0 | quarterly data of 0054V0 is empty.
2026-03-24 04:05:40.169036 | 0068Y0 | quarterly data of 0068Y0 is empty.
2026-03-24 04:06:50.600028 | 0082N0 | quarterly data of 0082N0 is empty.
2026-03-24 04:07:23.416781 | 0088D0 | quarterly data of 0088D0 is empty.
2026-03-24 04:07:31.144179 | 0093G0 | quarterly data of 0093G0 is empty.
2026-03-24 04:07:57.020698 | 0096B0 | quarterly data of 0096B0 is empty.
2026-03-24 04:08:27.240833 | 0105P0 | quarterly data of 0105P0 is empty.
2026-03-24 04:09:00.753517 | 0115H0 | quarterly data of 0115H0 is empty.
2026-03-24 04:56:43.642106 | 261520 | quarterly data of 261520 is empty.
2026-03-24 05:10:26.488658 | 458350 | quarterly data of 458350 is empty.
2026-03-24 05:11:58.030292 | 490470 | quarterly data of 490470 is empty.
2026-03-24 05:11:59.471184 | 491000 | quarterly data of 491000 is empty.
2026-03-24 05:12:00.908316 | 900120 | quarterly data of 900120 is empty.
2026-03-24 05:12:02.346762 | 950130 | quarterly data of 950130 is empty.
2026-03-24 05:12:03.786080 | 950140 | quarterly data of 950140 is empty.
2026-03-24 05:12:05.222593 | 950160 | quarterly data of 950160 is empty.
2026-03-24 05:12:06.661723 | 950190 | quarterly data of 950190 is empty.
2026-03-24 05:12:08.098192 | 950200 | quarterly data of 950200 is empty.
2026-03-24 05:12:09.535064 | 950220 | quarterly data of 950220 is empty.
2026-03-25 04:09:48.333932 | 0001A0 | quarterly data of 0001A0 is empty.
2026-03-25 04:10:09.401932 | 0007C0 | quarterly data of 0007C0 is empty.
2026-03-25 04:10:30.360250 | 0011A0 | quarterly data of 0011A0 is empty.
2026-03-25 04:10:54.361754 | 0013V0 | quarterly data of 0013V0 is empty.
2026-03-25 04:11:19.887687 | 0015S0 | quarterly data of 0015S0 is empty.
2026-03-25 04:14:43.156668 | 0054V0 | quarterly data of 0054V0 is empty.
2026-03-25 04:15:41.332771 | 0068Y0 | quarterly data of 0068Y0 is empty.
2026-03-25 04:16:30.932153 | 0082N0 | quarterly data of 0082N0 is empty.
2026-03-25 04:16:55.481782 | 0088D0 | quarterly data of 0088D0 is empty.
2026-03-25 04:17:03.040325 | 0093G0 | quarterly data of 0093G0 is empty.
2026-03-25 04:17:20.207894 | 0096B0 | quarterly data of 0096B0 is empty.
2026-03-25 04:17:42.082519 | 0105P0 | quarterly data of 0105P0 is empty.
2026-03-25 04:18:06.729335 | 0115H0 | quarterly data of 0115H0 is empty.
2026-03-25 05:03:00.312735 | 261520 | quarterly data of 261520 is empty.
2026-03-25 05:15:38.027407 | 458350 | quarterly data of 458350 is empty.
2026-03-25 05:17:06.684749 | 488900 | quarterly data of 488900 is empty.
2026-03-25 05:17:11.641685 | 490470 | quarterly data of 490470 is empty.
2026-03-25 05:17:13.093966 | 491000 | quarterly data of 491000 is empty.
2026-03-25 05:17:14.542033 | 900120 | quarterly data of 900120 is empty.
2026-03-25 05:17:15.993670 | 950130 | quarterly data of 950130 is empty.
2026-03-25 05:17:17.444148 | 950160 | quarterly data of 950160 is empty.
2026-03-25 05:17:18.895095 | 950190 | quarterly data of 950190 is empty.
2026-03-25 05:17:20.346207 | 950200 | quarterly data of 950200 is empty.
2026-03-25 05:17:21.797130 | 950220 | quarterly data of 950220 is empty.
2026-03-26 03:38:06.365726 | 0001A0 | quarterly data of 0001A0 is empty.
2026-03-26 03:38:15.887057 | 0007C0 | quarterly data of 0007C0 is empty.
2026-03-26 03:38:37.618492 | 0011A0 | quarterly data of 0011A0 is empty.
2026-03-26 03:38:53.639472 | 0013V0 | quarterly data of 0013V0 is empty.
2026-03-26 03:43:05.632244 | 0068Y0 | quarterly data of 0068Y0 is empty.
2026-03-26 03:43:48.678582 | 0082N0 | quarterly data of 0082N0 is empty.
2026-03-26 03:44:14.312195 | 0093G0 | quarterly data of 0093G0 is empty.
2026-03-26 03:44:31.938090 | 0096B0 | quarterly data of 0096B0 is empty.
2026-03-26 03:45:21.722812 | 0115H0 | quarterly data of 0115H0 is empty.
2026-03-26 04:24:15.893619 | 261520 | quarterly data of 261520 is empty.
2026-03-26 04:35:01.615866 | 458350 | quarterly data of 458350 is empty.
2026-03-26 04:36:03.105603 | 488900 | quarterly data of 488900 is empty.
2026-03-26 04:36:08.011163 | 490470 | quarterly data of 490470 is empty.
2026-03-26 04:36:09.463924 | 491000 | quarterly data of 491000 is empty.
2026-03-26 04:36:10.915112 | 493280 | quarterly data of 493280 is empty.
2026-03-26 04:36:12.368212 | 900120 | quarterly data of 900120 is empty.
2026-03-26 04:36:13.817044 | 950130 | quarterly data of 950130 is empty.
2026-03-26 04:36:15.434201 | 950160 | quarterly data of 950160 is empty.
2026-03-26 04:36:16.882531 | 950190 | quarterly data of 950190 is empty.
2026-03-26 04:36:18.340887 | 950200 | quarterly data of 950200 is empty.
2026-03-26 04:36:19.789370 | 950220 | quarterly data of 950220 is empty.
2026-03-27 03:28:54.110017 | 0001A0 | quarterly data of 0001A0 is empty.
2026-03-27 03:29:37.419421 | 0013V0 | quarterly data of 0013V0 is empty.
2026-03-27 03:33:30.530091 | 0068Y0 | quarterly data of 0068Y0 is empty.
2026-03-27 03:34:07.870238 | 0082N0 | quarterly data of 0082N0 is empty.
2026-03-27 03:34:32.496772 | 0093G0 | quarterly data of 0093G0 is empty.
2026-03-27 03:34:41.927119 | 0096B0 | quarterly data of 0096B0 is empty.
2026-03-27 04:09:21.606483 | 261520 | quarterly data of 261520 is empty.
2026-03-27 04:18:48.974312 | 458350 | quarterly data of 458350 is empty.
2026-03-27 04:19:45.243551 | 488900 | quarterly data of 488900 is empty.
2026-03-27 04:19:49.933752 | 490470 | quarterly data of 490470 is empty.
2026-03-27 04:19:51.393492 | 491000 | quarterly data of 491000 is empty.
2026-03-27 04:19:52.879544 | 493280 | quarterly data of 493280 is empty.
2026-03-27 04:19:54.339846 | 900120 | quarterly data of 900120 is empty.
2026-03-27 04:19:55.801789 | 950130 | quarterly data of 950130 is empty.
2026-03-27 04:19:57.262453 | 950190 | quarterly data of 950190 is empty.
2026-03-27 04:19:58.723163 | 950200 | quarterly data of 950200 is empty.
2026-03-27 04:20:00.185426 | 950220 | quarterly data of 950220 is empty.
2026-03-28 03:14:55.937097 | 0001A0 | quarterly data of 0001A0 is empty.
2026-03-28 03:15:41.160024 | 0013V0 | quarterly data of 0013V0 is empty.
2026-03-28 03:19:15.892715 | 0068Y0 | quarterly data of 0068Y0 is empty.
2026-03-28 03:20:09.955752 | 0096B0 | quarterly data of 0096B0 is empty.
2026-03-28 03:50:17.548059 | 261520 | quarterly data of 261520 is empty.
2026-03-28 03:57:30.104041 | 408470 | quarterly data of 408470 is empty.
2026-03-28 03:58:44.109055 | 458350 | quarterly data of 458350 is empty.
2026-03-28 03:59:33.367978 | 488900 | quarterly data of 488900 is empty.
2026-03-28 03:59:38.565231 | 490470 | quarterly data of 490470 is empty.
2026-03-28 03:59:40.023934 | 491000 | quarterly data of 491000 is empty.
2026-03-28 03:59:41.480775 | 493280 | quarterly data of 493280 is empty.
2026-03-28 03:59:42.938763 | 950130 | quarterly data of 950130 is empty.
2026-03-28 03:59:44.400014 | 950190 | quarterly data of 950190 is empty.
2026-03-28 03:59:45.859829 | 950200 | quarterly data of 950200 is empty.
2026-03-29 03:00:39.660652 | 0013V0 | quarterly data of 0013V0 is empty.
2026-03-29 03:04:00.000130 | 0068Y0 | quarterly data of 0068Y0 is empty.
2026-03-29 03:34:31.115782 | 408470 | quarterly data of 408470 is empty.
2026-03-29 03:35:28.540852 | 458350 | quarterly data of 458350 is empty.
2026-03-29 03:36:18.084898 | 488900 | quarterly data of 488900 is empty.
2026-03-29 03:36:19.544076 | 490470 | quarterly data of 490470 is empty.
2026-03-29 03:36:21.002639 | 491000 | quarterly data of 491000 is empty.
2026-03-29 03:36:22.446122 | 493280 | quarterly data of 493280 is empty.
2026-03-29 03:36:23.894057 | 950130 | quarterly data of 950130 is empty.
2026-03-29 03:36:25.337527 | 950200 | quarterly data of 950200 is empty.
2026-03-30 02:51:59.377391 | 0013V0 | quarterly data of 0013V0 is empty.
2026-03-30 02:54:53.861681 | 0068Y0 | quarterly data of 0068Y0 is empty.
2026-03-30 03:20:27.399710 | 408470 | quarterly data of 408470 is empty.
2026-03-30 03:21:07.051129 | 458350 | quarterly data of 458350 is empty.
2026-03-30 03:21:45.201830 | 488900 | quarterly data of 488900 is empty.
2026-03-30 03:21:46.659597 | 490470 | quarterly data of 490470 is empty.
2026-03-30 03:21:48.115362 | 491000 | quarterly data of 491000 is empty.
2026-03-30 03:21:49.582781 | 493280 | quarterly data of 493280 is empty.
2026-03-30 03:21:51.024195 | 950130 | quarterly data of 950130 is empty.
2026-03-30 03:21:52.468563 | 950200 | quarterly data of 950200 is empty.
