2025-04-17 QA DB: updating ['003120', '004650', '006740', '011080', '032960', '034230', '036690', '037350', '082660', '090850', '101390', '106520', '192820', '208640', '215090', '226440', '232530', '234300', '290120', '323410', '336060', '458650', '013340', '043090', '093380', '338100', '357120', '357250', '365550', '432320', '448730', '293490']
2025-04-18 QA DB: updating ['003120', '004650', '006740', '011080', '034230', '036690', '037350', '090850', '106520', '192820', '208640', '215090', '226440', '234300', '290120', '323410', '336060', '348080', '394800', '432320', '458650', '013340', '043090', '093380', '288490', '338100', '357120', '357250', '365550', '448730', '293490']
2025-04-19 QA DB: updating ['003120', '004650', '006740', '034230', '036690', '037350', '042670', '090850', '093640', '106520', '192820', '208640', '226440', '290120', '323410', '336060', '340810', '348080', '394800', '432320', '458650', '013340', '039790', '043090', '093380', '212310', '288490', '338100', '357120', '357250', '365550', '448730', '900250', '293490']
2025-04-20 QA DB: updating ['003120', '034230', '037350', '042670', '093640', '106520', '192820', '208640', '340810', '348080', '394800', '432320', '458650', '013340', '039790', '093380', '212310', '288490', '338100', '357120', '357250', '365550', '448730', '900250', '293490']
2025-04-21 QA DB: updating ['003120', '034230', '037350', '042670', '093640', '106520', '192820', '208640', '340810', '348080', '394800', '432320', '458650', '013340', '039790', '093380', '212310', '288490', '338100', '357120', '357250', '365550', '448730', '900250', '293490']
2025-04-22 QA DB: updating ['003120', '034230', '037350', '042670', '093640', '106520', '149980', '192820', '208640', '340810', '348080', '394800', '432320', '458650', '013340', '039790', '070300', '093380', '212310', '288490', '338100', '357120', '357250', '365550', '448730', '900250', '293490']
2025-04-23 QA DB: updating ['034230', '042670', '093640', '149980', '192820', '208640', '340810', '348080', '394800', '432320', '039790', '070300', '212310', '288490', '900100', '900250', '900340', '293490']
2025-04-24 QA DB: updating ['042670', '093640', '149980', '192820', '206950', '340810', '348080', '394800', '432320', '039790', '070300', '212310', '288490', '900100', '900250', '900310', '900340', '293490']
2025-04-25 QA DB: updating ['000400', '002690', '035600', '042670', '093640', '149980', '206950', '340810', '348080', '368030', '394800', '432320', '039790', '070300', '212310', '288490', '900100', '900250', '900310', '900340', '293490']
'039790'
2025-04-26 QA DB: updating ['000400', '002690', '035600', '042670', '093640', '149980', '183410', '206950', '340810', '368030', '039790', '212310', '457390', '900070', '900100', '900140', '900250', '900310', '900340', '293490']
'039790'
2025-04-27 QA DB: updating ['000400', '002690', '035600', '149980', '183410', '206950', '368030', '900070', '900100', '900140', '900310', '900340', '293490']
2025-04-28 QA DB: updating ['000400', '002690', '035600', '149980', '183410', '206950', '368030', '900070', '900100', '900140', '900310', '900340', '293490']
2025-04-29 QA DB: updating ['000400', '002690', '035600', '149980', '174900', '183410', '206950', '212310', '299480', '368030', '226590', '900070', '900100', '900140', '900260', '900310', '900340', '293490']
2025-04-30 QA DB: updating ['000400', '002690', '035600', '174900', '180060', '183410', '206950', '212310', '246710', '254160', '299480', '368030', '900070', '900100', '900140', '900260', '900310', '900340', '293490']
2025-05-01 QA DB: ***** plot_gen_control.npy does not exist. *****
2025-05-02 QA DB: ***** plot_gen_control.npy does not exist. *****
2025-05-03 QA DB: ***** plot_gen_control.npy does not exist. *****
2025-05-04 QA DB: ***** plot_gen_control.npy does not exist. *****
2025-05-05 QA DB: ***** plot_gen_control.npy does not exist. *****
2025-05-06 QA DB: ***** plot_gen_control.npy does not exist. *****
2025-05-07 QA DB: updating ['000400', '002690', '035600', '046440', '174900', '246710', '284620', '006400', '063440', '219750', '900070', '900110', '900140', '900260', '900270', '900300', '900310', '293490']
